<?xml version="1.0" encoding="UTF-8"?>
<testsuite name="chap02.PasswordStrengthMeterTest" tests="1" skipped="0" failures="0" errors="0" timestamp="2022-12-20T12:27:12" hostname="DESKTOP-35LBMJ3" time="0.011">
  <properties/>
  <testcase name="meetsOtherCriteria_except_for_Length_Then_Normal()" classname="chap02.PasswordStrengthMeterTest" time="0.011"/>
  <system-out><![CDATA[]]></system-out>
  <system-err><![CDATA[]]></system-err>
</testsuite>
